============================= test session starts ==============================
platform linux -- Python 3.13.7, pytest-9.0.2, pluggy-1.6.0 -- /home/wilson/RENDA_OPS/.venv/bin/python
cachedir: .pytest_cache
rootdir: /home/wilson/RENDA_OPS
collecting ... collected 3 items

tests/test_compute_filtered_scores.py::test_disabled_returns_same_as_raw PASSED [ 33%]
tests/test_compute_filtered_scores.py::test_enabled_none_raw_path_is_safe_fallback PASSED [ 66%]
tests/test_compute_filtered_scores.py::test_enabled_filters_illiquid_ticker PASSED [100%]

============================== 3 passed in 0.69s ===============================
